e:\desktop\teme facultate\piu\piu_finalproject\medicalsegmentation\x64\debug\medicalsegmentation.nativecodeanalysis.sarif
e:\desktop\teme facultate\piu\piu_finalproject\medicalsegmentation\x64\debug\medicalsegmentation.nativecodeanalysis.xml
e:\desktop\teme facultate\piu\piu_finalproject\medicalsegmentation\x64\debug\medicalsegmentation.obj
e:\desktop\teme facultate\piu\piu_finalproject\medicalsegmentation\x64\debug\main.nativecodeanalysis.sarif
e:\desktop\teme facultate\piu\piu_finalproject\medicalsegmentation\x64\debug\main.nativecodeanalysis.xml
e:\desktop\teme facultate\piu\piu_finalproject\medicalsegmentation\x64\debug\main.obj
e:\desktop\teme facultate\piu\piu_finalproject\medicalsegmentation\x64\debug\filters.nativecodeanalysis.sarif
e:\desktop\teme facultate\piu\piu_finalproject\medicalsegmentation\x64\debug\filters.nativecodeanalysis.xml
e:\desktop\teme facultate\piu\piu_finalproject\medicalsegmentation\x64\debug\filters.obj
e:\desktop\teme facultate\piu\piu_finalproject\medicalsegmentation\x64\debug\mylabel.nativecodeanalysis.sarif
e:\desktop\teme facultate\piu\piu_finalproject\medicalsegmentation\x64\debug\mylabel.nativecodeanalysis.xml
e:\desktop\teme facultate\piu\piu_finalproject\medicalsegmentation\x64\debug\mylabel.obj
e:\desktop\teme facultate\piu\piu_finalproject\medicalsegmentation\x64\debug\vc143.pdb
e:\desktop\teme facultate\piu\piu_finalproject\medicalsegmentation\x64\debug\moc_mylabel.nativecodeanalysis.sarif
e:\desktop\teme facultate\piu\piu_finalproject\medicalsegmentation\x64\debug\moc_mylabel.nativecodeanalysis.xml
e:\desktop\teme facultate\piu\piu_finalproject\medicalsegmentation\x64\debug\moc_mylabel.obj
e:\desktop\teme facultate\piu\piu_finalproject\medicalsegmentation\x64\debug\qrc_qtwidgetsapplication1.nativecodeanalysis.sarif
e:\desktop\teme facultate\piu\piu_finalproject\medicalsegmentation\x64\debug\qrc_qtwidgetsapplication1.nativecodeanalysis.xml
e:\desktop\teme facultate\piu\piu_finalproject\medicalsegmentation\x64\debug\qrc_qtwidgetsapplication1.obj
e:\desktop\teme facultate\piu\piu_finalproject\medicalsegmentation\x64\debug\medicalsegmentation.ilk
e:\desktop\teme facultate\piu\piu_finalproject\medicalsegmentation\x64\debug\medicalsegmentation.exe
e:\desktop\teme facultate\piu\piu_finalproject\medicalsegmentation\x64\debug\medicalsegmentation.pdb
e:\desktop\teme facultate\piu\piu_finalproject\medicalsegmentation\x64\debug\uic\ui_qtwidgetsapplication1.h
e:\desktop\teme facultate\piu\piu_finalproject\medicalsegmentation\x64\debug\rcc\qrc_qtwidgetsapplication1.cpp
e:\desktop\teme facultate\piu\piu_finalproject\medicalsegmentation\x64\debug\moc\moc_mylabel.cpp
e:\desktop\teme facultate\piu\piu_finalproject\medicalsegmentation\x64\debug\vc.nativecodeanalysis.all.xml
e:\desktop\teme facultate\piu\piu_finalproject\medicalsegmentation\x64\debug\medicals.2414eba1.tlog\cl.10292.write.1.tlog
e:\desktop\teme facultate\piu\piu_finalproject\medicalsegmentation\x64\debug\medicals.2414eba1.tlog\cl.command.1.tlog
e:\desktop\teme facultate\piu\piu_finalproject\medicalsegmentation\x64\debug\medicals.2414eba1.tlog\cl.read.1.tlog
e:\desktop\teme facultate\piu\piu_finalproject\medicalsegmentation\x64\debug\medicals.2414eba1.tlog\link.command.1.tlog
e:\desktop\teme facultate\piu\piu_finalproject\medicalsegmentation\x64\debug\medicals.2414eba1.tlog\link.read.1.tlog
e:\desktop\teme facultate\piu\piu_finalproject\medicalsegmentation\x64\debug\medicals.2414eba1.tlog\link.write.1.tlog
e:\desktop\teme facultate\piu\piu_finalproject\medicalsegmentation\x64\debug\medicals.2414eba1.tlog\medicalsegmentation.write.1u.tlog
e:\desktop\teme facultate\piu\piu_finalproject\medicalsegmentation\x64\debug\medicals.2414eba1.tlog\moc.read.1u.tlog
e:\desktop\teme facultate\piu\piu_finalproject\medicalsegmentation\x64\debug\medicals.2414eba1.tlog\moc.write.1u.tlog
e:\desktop\teme facultate\piu\piu_finalproject\medicalsegmentation\x64\debug\medicals.2414eba1.tlog\rcc.read.1u.tlog
e:\desktop\teme facultate\piu\piu_finalproject\medicalsegmentation\x64\debug\medicals.2414eba1.tlog\rcc.write.1u.tlog
e:\desktop\teme facultate\piu\piu_finalproject\medicalsegmentation\x64\debug\medicals.2414eba1.tlog\uic.read.1u.tlog
e:\desktop\teme facultate\piu\piu_finalproject\medicalsegmentation\x64\debug\medicals.2414eba1.tlog\uic.write.1u.tlog
